<?xml version="1.0" encoding="UTF-8"?>
<testsuite name="runTest" tests="1" skipped="0" failures="0" errors="0" timestamp="2019-11-22T07:19:48" hostname="abc-Lenovo-V130-15IKB" time="0.001">
  <properties/>
  <testcase name="RunTestForHappyMood" classname="runTest" time="0.001"/>
  <system-out><![CDATA[]]></system-out>
  <system-err><![CDATA[]]></system-err>
</testsuite>
